1504626992.555993 server started, pid 19982
1504626992.556192 continuing cmdq 0x563eb04ae570: flags=0, client=-1
1504626992.556211 cmdq 0x563eb04ae570: bind-key C-b send-prefix
1504626992.556299 continuing cmdq 0x563eb04ae570: flags=0, client=-1
1504626992.556315 cmdq 0x563eb04ae570: bind-key C-o rotate-window
1504626992.556339 continuing cmdq 0x563eb04ae570: flags=0, client=-1
1504626992.556350 cmdq 0x563eb04ae570: bind-key C-z suspend-client
1504626992.556374 continuing cmdq 0x563eb04ae570: flags=0, client=-1
1504626992.556384 cmdq 0x563eb04ae570: bind-key Space next-layout
1504626992.556413 continuing cmdq 0x563eb04ae570: flags=0, client=-1
1504626992.556424 cmdq 0x563eb04ae570: bind-key ! break-pane
1504626992.556441 continuing cmdq 0x563eb04ae570: flags=0, client=-1
1504626992.556451 cmdq 0x563eb04ae570: bind-key " split-window
1504626992.556471 continuing cmdq 0x563eb04ae570: flags=0, client=-1
1504626992.556545 cmdq 0x563eb04ae570: bind-key # list-buffers
1504626992.556597 continuing cmdq 0x563eb04ae570: flags=0, client=-1
1504626992.556622 cmdq 0x563eb04ae570: bind-key $ command-prompt -I#S "rename-session '%%'"
1504626992.556659 continuing cmdq 0x563eb04ae570: flags=0, client=-1
1504626992.556677 cmdq 0x563eb04ae570: bind-key % split-window -h
1504626992.556707 continuing cmdq 0x563eb04ae570: flags=0, client=-1
1504626992.556721 cmdq 0x563eb04ae570: bind-key & confirm-before "-pkill-window #W? (y/n)" kill-window
1504626992.556760 continuing cmdq 0x563eb04ae570: flags=0, client=-1
1504626992.556783 cmdq 0x563eb04ae570: bind-key ' command-prompt -pindex "select-window -t ':%%'"
1504626992.556810 continuing cmdq 0x563eb04ae570: flags=0, client=-1
1504626992.556822 cmdq 0x563eb04ae570: bind-key ( switch-client -p
1504626992.556845 continuing cmdq 0x563eb04ae570: flags=0, client=-1
1504626992.556856 cmdq 0x563eb04ae570: bind-key ) switch-client -n
1504626992.556882 continuing cmdq 0x563eb04ae570: flags=0, client=-1
1504626992.556894 cmdq 0x563eb04ae570: bind-key , command-prompt -I#W "rename-window '%%'"
1504626992.556913 continuing cmdq 0x563eb04ae570: flags=0, client=-1
1504626992.556923 cmdq 0x563eb04ae570: bind-key - delete-buffer
1504626992.556943 continuing cmdq 0x563eb04ae570: flags=0, client=-1
1504626992.556955 cmdq 0x563eb04ae570: bind-key . command-prompt "move-window -t '%%'"
1504626992.556974 continuing cmdq 0x563eb04ae570: flags=0, client=-1
1504626992.556986 cmdq 0x563eb04ae570: bind-key 0 select-window -t:=0
1504626992.557008 continuing cmdq 0x563eb04ae570: flags=0, client=-1
1504626992.557019 cmdq 0x563eb04ae570: bind-key 1 select-window -t:=1
1504626992.557040 continuing cmdq 0x563eb04ae570: flags=0, client=-1
1504626992.557051 cmdq 0x563eb04ae570: bind-key 2 select-window -t:=2
1504626992.557071 continuing cmdq 0x563eb04ae570: flags=0, client=-1
1504626992.557087 cmdq 0x563eb04ae570: bind-key 3 select-window -t:=3
1504626992.557119 continuing cmdq 0x563eb04ae570: flags=0, client=-1
1504626992.557137 cmdq 0x563eb04ae570: bind-key 4 select-window -t:=4
1504626992.557180 continuing cmdq 0x563eb04ae570: flags=0, client=-1
1504626992.557201 cmdq 0x563eb04ae570: bind-key 5 select-window -t:=5
1504626992.557237 continuing cmdq 0x563eb04ae570: flags=0, client=-1
1504626992.557249 cmdq 0x563eb04ae570: bind-key 6 select-window -t:=6
1504626992.557271 continuing cmdq 0x563eb04ae570: flags=0, client=-1
1504626992.557282 cmdq 0x563eb04ae570: bind-key 7 select-window -t:=7
1504626992.557302 continuing cmdq 0x563eb04ae570: flags=0, client=-1
1504626992.557313 cmdq 0x563eb04ae570: bind-key 8 select-window -t:=8
1504626992.557333 continuing cmdq 0x563eb04ae570: flags=0, client=-1
1504626992.557343 cmdq 0x563eb04ae570: bind-key 9 select-window -t:=9
1504626992.557362 continuing cmdq 0x563eb04ae570: flags=0, client=-1
1504626992.557373 cmdq 0x563eb04ae570: bind-key : command-prompt
1504626992.557390 continuing cmdq 0x563eb04ae570: flags=0, client=-1
1504626992.557400 cmdq 0x563eb04ae570: bind-key ; last-pane
1504626992.557416 continuing cmdq 0x563eb04ae570: flags=0, client=-1
1504626992.557426 cmdq 0x563eb04ae570: bind-key = choose-buffer
1504626992.557464 continuing cmdq 0x563eb04ae570: flags=0, client=-1
1504626992.557480 cmdq 0x563eb04ae570: bind-key ? list-keys
1504626992.557508 continuing cmdq 0x563eb04ae570: flags=0, client=-1
1504626992.557524 cmdq 0x563eb04ae570: bind-key D choose-client
1504626992.557553 continuing cmdq 0x563eb04ae570: flags=0, client=-1
1504626992.557572 cmdq 0x563eb04ae570: bind-key L switch-client -l
1504626992.557611 continuing cmdq 0x563eb04ae570: flags=0, client=-1
1504626992.557631 cmdq 0x563eb04ae570: bind-key M select-pane -M
1504626992.557667 continuing cmdq 0x563eb04ae570: flags=0, client=-1
1504626992.557684 cmdq 0x563eb04ae570: bind-key [ copy-mode
1504626992.557712 continuing cmdq 0x563eb04ae570: flags=0, client=-1
1504626992.557729 cmdq 0x563eb04ae570: bind-key ] paste-buffer
1504626992.557761 continuing cmdq 0x563eb04ae570: flags=0, client=-1
1504626992.557775 cmdq 0x563eb04ae570: bind-key c new-window
1504626992.557801 continuing cmdq 0x563eb04ae570: flags=0, client=-1
1504626992.557811 cmdq 0x563eb04ae570: bind-key d detach-client
1504626992.557832 continuing cmdq 0x563eb04ae570: flags=0, client=-1
1504626992.557850 cmdq 0x563eb04ae570: bind-key f command-prompt "find-window '%%'"
1504626992.557887 continuing cmdq 0x563eb04ae570: flags=0, client=-1
1504626992.557897 cmdq 0x563eb04ae570: bind-key i display-message
1504626992.557911 continuing cmdq 0x563eb04ae570: flags=0, client=-1
1504626992.557920 cmdq 0x563eb04ae570: bind-key l last-window
1504626992.557934 continuing cmdq 0x563eb04ae570: flags=0, client=-1
1504626992.557943 cmdq 0x563eb04ae570: bind-key m select-pane -m
1504626992.557959 continuing cmdq 0x563eb04ae570: flags=0, client=-1
1504626992.557968 cmdq 0x563eb04ae570: bind-key n next-window
1504626992.557983 continuing cmdq 0x563eb04ae570: flags=0, client=-1
1504626992.557992 cmdq 0x563eb04ae570: bind-key o select-pane -t:.+
1504626992.558008 continuing cmdq 0x563eb04ae570: flags=0, client=-1
1504626992.558016 cmdq 0x563eb04ae570: bind-key p previous-window
1504626992.558031 continuing cmdq 0x563eb04ae570: flags=0, client=-1
1504626992.558040 cmdq 0x563eb04ae570: bind-key q display-panes
1504626992.558053 continuing cmdq 0x563eb04ae570: flags=0, client=-1
1504626992.558061 cmdq 0x563eb04ae570: bind-key r refresh-client
1504626992.558075 continuing cmdq 0x563eb04ae570: flags=0, client=-1
1504626992.558083 cmdq 0x563eb04ae570: bind-key s choose-tree
1504626992.558099 continuing cmdq 0x563eb04ae570: flags=0, client=-1
1504626992.558108 cmdq 0x563eb04ae570: bind-key t clock-mode
1504626992.558120 continuing cmdq 0x563eb04ae570: flags=0, client=-1
1504626992.558129 cmdq 0x563eb04ae570: bind-key w choose-window
1504626992.558146 continuing cmdq 0x563eb04ae570: flags=0, client=-1
1504626992.558158 cmdq 0x563eb04ae570: bind-key x confirm-before "-pkill-pane #P? (y/n)" kill-pane
1504626992.558174 continuing cmdq 0x563eb04ae570: flags=0, client=-1
1504626992.558183 cmdq 0x563eb04ae570: bind-key z resize-pane -Z
1504626992.558198 continuing cmdq 0x563eb04ae570: flags=0, client=-1
1504626992.558207 cmdq 0x563eb04ae570: bind-key { swap-pane -U
1504626992.558224 continuing cmdq 0x563eb04ae570: flags=0, client=-1
1504626992.558233 cmdq 0x563eb04ae570: bind-key } swap-pane -D
1504626992.558249 continuing cmdq 0x563eb04ae570: flags=0, client=-1
1504626992.558257 cmdq 0x563eb04ae570: bind-key ~ show-messages
1504626992.558273 continuing cmdq 0x563eb04ae570: flags=0, client=-1
1504626992.558283 cmdq 0x563eb04ae570: bind-key PPage copy-mode -u
1504626992.558300 continuing cmdq 0x563eb04ae570: flags=0, client=-1
1504626992.558309 cmdq 0x563eb04ae570: bind-key -r Up select-pane -U
1504626992.558329 continuing cmdq 0x563eb04ae570: flags=0, client=-1
1504626992.558339 cmdq 0x563eb04ae570: bind-key -r Down select-pane -D
1504626992.558359 continuing cmdq 0x563eb04ae570: flags=0, client=-1
1504626992.558369 cmdq 0x563eb04ae570: bind-key -r Left select-pane -L
1504626992.558387 continuing cmdq 0x563eb04ae570: flags=0, client=-1
1504626992.558396 cmdq 0x563eb04ae570: bind-key -r Right select-pane -R
1504626992.558415 continuing cmdq 0x563eb04ae570: flags=0, client=-1
1504626992.558435 cmdq 0x563eb04ae570: bind-key M-1 select-layout even-horizontal
1504626992.558453 continuing cmdq 0x563eb04ae570: flags=0, client=-1
1504626992.558463 cmdq 0x563eb04ae570: bind-key M-2 select-layout even-vertical
1504626992.558481 continuing cmdq 0x563eb04ae570: flags=0, client=-1
1504626992.558490 cmdq 0x563eb04ae570: bind-key M-3 select-layout main-horizontal
1504626992.558510 continuing cmdq 0x563eb04ae570: flags=0, client=-1
1504626992.558525 cmdq 0x563eb04ae570: bind-key M-4 select-layout main-vertical
1504626992.558554 continuing cmdq 0x563eb04ae570: flags=0, client=-1
1504626992.558571 cmdq 0x563eb04ae570: bind-key M-5 select-layout tiled
1504626992.558601 continuing cmdq 0x563eb04ae570: flags=0, client=-1
1504626992.558618 cmdq 0x563eb04ae570: bind-key M-n next-window -a
1504626992.558644 continuing cmdq 0x563eb04ae570: flags=0, client=-1
1504626992.558661 cmdq 0x563eb04ae570: bind-key M-o rotate-window -D
1504626992.558690 continuing cmdq 0x563eb04ae570: flags=0, client=-1
1504626992.558712 cmdq 0x563eb04ae570: bind-key M-p previous-window -a
1504626992.558739 continuing cmdq 0x563eb04ae570: flags=0, client=-1
1504626992.558751 cmdq 0x563eb04ae570: bind-key -r M-Up resize-pane -U 5
1504626992.558780 continuing cmdq 0x563eb04ae570: flags=0, client=-1
1504626992.558798 cmdq 0x563eb04ae570: bind-key -r M-Down resize-pane -D 5
1504626992.558833 continuing cmdq 0x563eb04ae570: flags=0, client=-1
1504626992.558853 cmdq 0x563eb04ae570: bind-key -r M-Left resize-pane -L 5
1504626992.558888 continuing cmdq 0x563eb04ae570: flags=0, client=-1
1504626992.558906 cmdq 0x563eb04ae570: bind-key -r M-Right resize-pane -R 5
1504626992.558940 continuing cmdq 0x563eb04ae570: flags=0, client=-1
1504626992.558956 cmdq 0x563eb04ae570: bind-key -r C-Up resize-pane -U
1504626992.558989 continuing cmdq 0x563eb04ae570: flags=0, client=-1
1504626992.559006 cmdq 0x563eb04ae570: bind-key -r C-Down resize-pane -D
1504626992.559037 continuing cmdq 0x563eb04ae570: flags=0, client=-1
1504626992.559047 cmdq 0x563eb04ae570: bind-key -r C-Left resize-pane -L
1504626992.559065 continuing cmdq 0x563eb04ae570: flags=0, client=-1
1504626992.559074 cmdq 0x563eb04ae570: bind-key -r C-Right resize-pane -R
1504626992.559095 continuing cmdq 0x563eb04ae570: flags=0, client=-1
1504626992.559113 cmdq 0x563eb04ae570: bind-key -n MouseDown1Pane select-pane -t=; send-keys -M
1504626992.559139 continuing cmdq 0x563eb04ae570: flags=0, client=-1
1504626992.559149 cmdq 0x563eb04ae570: bind-key -n MouseDrag1Border resize-pane -M
1504626992.559170 continuing cmdq 0x563eb04ae570: flags=0, client=-1
1504626992.559181 cmdq 0x563eb04ae570: bind-key -n MouseDown1Status select-window -t=
1504626992.559200 continuing cmdq 0x563eb04ae570: flags=0, client=-1
1504626992.559209 cmdq 0x563eb04ae570: bind-key -n WheelDownStatus next-window
1504626992.559227 continuing cmdq 0x563eb04ae570: flags=0, client=-1
1504626992.559236 cmdq 0x563eb04ae570: bind-key -n WheelUpStatus previous-window
1504626992.559265 continuing cmdq 0x563eb04ae570: flags=0, client=-1
1504626992.559283 cmdq 0x563eb04ae570: bind-key -n MouseDrag1Pane if -Ft= #{mouse_any_flag} "if -Ft= "#{pane_in_mode}" "copy-mode -M" "send-keys -M"" "copy-mode -M"
1504626992.559313 continuing cmdq 0x563eb04ae570: flags=0, client=-1
1504626992.559329 cmdq 0x563eb04ae570: bind-key -n MouseDown3Pane if-shell -Ft= #{mouse_any_flag} "select-pane -t=; send-keys -M" "select-pane -mt="
1504626992.559359 continuing cmdq 0x563eb04ae570: flags=0, client=-1
1504626992.559374 cmdq 0x563eb04ae570: bind-key -n WheelUpPane if-shell -Ft= #{mouse_any_flag} "send-keys -M" "if -Ft= "#{pane_in_mode}" "send-keys -M" "copy-mode -et=""
1504626992.559775 socket path /tmp/tmux-1000/default
1504626992.559943 new client 7
1504626992.560023 loading /home/rabin/.tmux.conf
1504626992.560064 continuing cmdq 0x563eb04b2de0: flags=0, client=-1
1504626992.560072 unref client 7 (2 references)
1504626992.560098 event dispatch enter
1504626992.560148 got 100 from client 7
1504626992.560156 got 101 from client 7
1504626992.560175 got 102 from client 7
1504626992.560182 got 103 from client 7
1504626992.560190 event dispatch exit
1504626992.560197 event dispatch enter
1504626992.560222 got 104 from client 7
1504626992.560230 event dispatch exit
1504626992.560235 event dispatch enter
1504626992.560293 got 107 from client 7
1504626992.560310 got 105 from client 7
1504626992.560323 got 105 from client 7
1504626992.560332 got 105 from client 7
1504626992.560339 got 105 from client 7
1504626992.560347 got 105 from client 7
1504626992.560355 got 105 from client 7
1504626992.560362 got 105 from client 7
1504626992.560370 got 105 from client 7
1504626992.560377 got 105 from client 7
1504626992.560384 got 105 from client 7
1504626992.560392 got 105 from client 7
1504626992.560400 got 105 from client 7
1504626992.560407 got 105 from client 7
1504626992.560414 got 105 from client 7
1504626992.560421 got 105 from client 7
1504626992.560429 got 105 from client 7
1504626992.560436 got 105 from client 7
1504626992.560444 got 105 from client 7
1504626992.560451 got 105 from client 7
1504626992.560459 got 105 from client 7
1504626992.560466 got 105 from client 7
1504626992.560474 got 105 from client 7
1504626992.560484 got 105 from client 7
1504626992.560506 got 105 from client 7
1504626992.560514 got 105 from client 7
1504626992.560522 got 105 from client 7
1504626992.560530 got 105 from client 7
1504626992.560538 got 105 from client 7
1504626992.560545 got 105 from client 7
1504626992.560553 got 105 from client 7
1504626992.560561 got 105 from client 7
1504626992.560568 got 105 from client 7
1504626992.560576 got 105 from client 7
1504626992.560584 got 105 from client 7
1504626992.560598 got 105 from client 7
1504626992.560609 got 105 from client 7
1504626992.560620 got 105 from client 7
1504626992.560632 got 105 from client 7
1504626992.560644 got 105 from client 7
1504626992.560657 got 105 from client 7
1504626992.560669 got 105 from client 7
1504626992.560682 got 105 from client 7
1504626992.560694 got 105 from client 7
1504626992.560707 got 105 from client 7
1504626992.560719 got 105 from client 7
1504626992.560727 got 105 from client 7
1504626992.560734 got 105 from client 7
1504626992.560742 got 105 from client 7
1504626992.560749 got 105 from client 7
1504626992.560756 got 105 from client 7
1504626992.560764 got 105 from client 7
1504626992.560771 got 105 from client 7
1504626992.560778 got 105 from client 7
1504626992.560785 got 105 from client 7
1504626992.560793 got 105 from client 7
1504626992.560800 got 105 from client 7
1504626992.560807 got 105 from client 7
1504626992.560816 got 105 from client 7
1504626992.560827 got 105 from client 7
1504626992.560839 got 105 from client 7
1504626992.560851 got 105 from client 7
1504626992.560863 got 105 from client 7
1504626992.560875 got 105 from client 7
1504626992.560887 got 105 from client 7
1504626992.560900 got 105 from client 7
1504626992.560911 got 105 from client 7
1504626992.560923 got 105 from client 7
1504626992.560936 got 105 from client 7
1504626992.560949 got 105 from client 7
1504626992.560961 got 105 from client 7
1504626992.560974 got 105 from client 7
1504626992.560987 got 105 from client 7
1504626992.560999 got 105 from client 7
1504626992.561011 got 105 from client 7
1504626992.561023 got 105 from client 7
1504626992.561035 got 105 from client 7
1504626992.561047 got 105 from client 7
1504626992.561059 got 105 from client 7
1504626992.561071 got 105 from client 7
1504626992.561092 got 106 from client 7
1504626992.561167 got 200 from client 7
1504626992.561209 continuing cmdq 0x563eb04b40b0: flags=0, client=7
1504626992.561224 cmdq 0x563eb04b40b0: new-session
1504626992.561236 new term: xterm-256color
1504626992.561747 xterm-256color override: XT 
1504626992.561772 xterm-256color override: Ms \033]52;%p1%s;%p2%s\a
1504626992.561785 xterm-256color override: Cs \033]12;%p1%s\a
1504626992.561795 xterm-256color override: Cr \033]112\a
1504626992.561806 xterm-256color override: Ss \033[%p1%d q
1504626992.561816 xterm-256color override: Se \033[2 q
1504626992.561858 new key \033Oo: 0x103c (KP/)
1504626992.561879 new key \033Oj: 0x103d (KP*)
1504626992.561886 new key \033Om: 0x103e (KP-)
1504626992.561893 new key \033Ow: 0x103f (KP7)
1504626992.561899 new key \033Ox: 0x1040 (KP8)
1504626992.561906 new key \033Oy: 0x1041 (KP9)
1504626992.561912 new key \033Ok: 0x1042 (KP+)
1504626992.561919 new key \033Ot: 0x1043 (KP4)
1504626992.561926 new key \033Ou: 0x1044 (KP5)
1504626992.561932 new key \033Ov: 0x1045 (KP6)
1504626992.561938 new key \033Oq: 0x1046 (KP1)
1504626992.561945 new key \033Or: 0x1047 (KP2)
1504626992.561951 new key \033Os: 0x1048 (KP3)
1504626992.561958 new key \033OM: 0x1049 (KPEnter)
1504626992.561965 new key \033Op: 0x104a (KP0)
1504626992.561971 new key \033On: 0x104b (KP.)
1504626992.561978 new key \033OA: 0x1038 (Up)
1504626992.561985 new key \033OB: 0x1039 (Down)
1504626992.561992 new key \033OC: 0x103b (Right)
1504626992.561999 new key \033OD: 0x103a (Left)
1504626992.562006 new key \033[A: 0x1038 (Up)
1504626992.562013 new key \033[B: 0x1039 (Down)
1504626992.562019 new key \033[C: 0x103b (Right)
1504626992.562026 new key \033[D: 0x103a (Left)
1504626992.562033 new key \033OH: 0x1033 (Home)
1504626992.562039 new key \033OF: 0x1034 (End)
1504626992.562046 new key \033[H: 0x1033 (Home)
1504626992.562052 new key \033[F: 0x1034 (End)
1504626992.562060 new key \033Oa: 0x5038 (C-Up)
1504626992.562066 new key \033Ob: 0x5039 (C-Down)
1504626992.562074 new key \033Oc: 0x503b (C-Right)
1504626992.562080 new key \033Od: 0x503a (C-Left)
1504626992.562087 new key \033[a: 0x9038 (S-Up)
1504626992.562094 new key \033[b: 0x9039 (S-Down)
1504626992.562101 new key \033[c: 0x903b (S-Right)
1504626992.562108 new key \033[d: 0x903a (S-Left)
1504626992.562115 new key \033[11^: 0x5025 (C-F1)
1504626992.562123 new key \033[12^: 0x5026 (C-F2)
1504626992.562130 new key \033[13^: 0x5027 (C-F3)
1504626992.562136 new key \033[14^: 0x5028 (C-F4)
1504626992.562143 new key \033[15^: 0x5029 (C-F5)
1504626992.562150 new key \033[17^: 0x502a (C-F6)
1504626992.562156 new key \033[18^: 0x502b (C-F7)
1504626992.562164 new key \033[19^: 0x502c (C-F8)
1504626992.562171 new key \033[20^: 0x502d (C-F9)
1504626992.562178 new key \033[21^: 0x502e (C-F10)
1504626992.562185 new key \033[23^: 0x502f (C-F11)
1504626992.562192 new key \033[24^: 0x5030 (C-F12)
1504626992.562204 new key \033[2^: 0x5031 (C-IC)
1504626992.562211 new key \033[3^: 0x5032 (C-DC)
1504626992.562218 new key \033[7^: 0x5033 (C-Home)
1504626992.562225 new key \033[8^: 0x5034 (C-End)
1504626992.562232 new key \033[6^: 0x5035 (C-NPage)
1504626992.562239 new key \033[5^: 0x5036 (C-PPage)
1504626992.562246 new key \033[11$: 0x9025 (S-F1)
1504626992.562253 new key \033[12$: 0x9026 (S-F2)
1504626992.562260 new key \033[13$: 0x9027 (S-F3)
1504626992.562266 new key \033[14$: 0x9028 (S-F4)
1504626992.562273 new key \033[15$: 0x9029 (S-F5)
1504626992.562280 new key \033[17$: 0x902a (S-F6)
1504626992.562286 new key \033[18$: 0x902b (S-F7)
1504626992.562293 new key \033[19$: 0x902c (S-F8)
1504626992.562299 new key \033[20$: 0x902d (S-F9)
1504626992.562306 new key \033[21$: 0x902e (S-F10)
1504626992.562313 new key \033[23$: 0x902f (S-F11)
1504626992.562320 new key \033[24$: 0x9030 (S-F12)
1504626992.562326 new key \033[2$: 0x9031 (S-IC)
1504626992.562333 new key \033[3$: 0x9032 (S-DC)
1504626992.562340 new key \033[7$: 0x9033 (S-Home)
1504626992.562346 new key \033[8$: 0x9034 (S-End)
1504626992.562353 new key \033[6$: 0x9035 (S-NPage)
1504626992.562360 new key \033[5$: 0x9036 (S-PPage)
1504626992.562367 new key \033[11@: 0xd025 (C-S-F1)
1504626992.562375 new key \033[12@: 0xd026 (C-S-F2)
1504626992.562381 new key \033[13@: 0xd027 (C-S-F3)
1504626992.562388 new key \033[14@: 0xd028 (C-S-F4)
1504626992.562395 new key \033[15@: 0xd029 (C-S-F5)
1504626992.562404 new key \033[17@: 0xd02a (C-S-F6)
1504626992.562411 new key \033[18@: 0xd02b (C-S-F7)
1504626992.562418 new key \033[19@: 0xd02c (C-S-F8)
1504626992.562425 new key \033[20@: 0xd02d (C-S-F9)
1504626992.562432 new key \033[21@: 0xd02e (C-S-F10)
1504626992.562439 new key \033[23@: 0xd02f (C-S-F11)
1504626992.562451 new key \033[24@: 0xd030 (C-S-F12)
1504626992.562458 new key \033[2@: 0xd031 (C-S-IC)
1504626992.562465 new key \033[3@: 0xd032 (C-S-DC)
1504626992.562472 new key \033[7@: 0xd033 (C-S-Home)
1504626992.562478 new key \033[8@: 0xd034 (C-S-End)
1504626992.562485 new key \033[6@: 0xd035 (C-S-NPage)
1504626992.562492 new key \033[5@: 0xd036 (C-S-PPage)
1504626992.562500 new key \033[I: 0x1000 ((null))
1504626992.562506 new key \033[O: 0x1001 ((null))
1504626992.562513 new key \033OP: 0x1025 (F1)
1504626992.562520 new key \033OQ: 0x1026 (F2)
1504626992.562526 new key \033OR: 0x1027 (F3)
1504626992.562533 new key \033OS: 0x1028 (F4)
1504626992.562540 new key \033[15~: 0x1029 (F5)
1504626992.562546 new key \033[17~: 0x102a (F6)
1504626992.562553 new key \033[18~: 0x102b (F7)
1504626992.562559 new key \033[19~: 0x102c (F8)
1504626992.562566 new key \033[20~: 0x102d (F9)
1504626992.562573 new key \033[21~: 0x102e (F10)
1504626992.562579 new key \033[23~: 0x102f (F11)
1504626992.562586 new key \033[24~: 0x1030 (F12)
1504626992.562593 new key \033[1;2P: 0x9025 (S-F1)
1504626992.562600 new key \033[1;2Q: 0x9026 (S-F2)
1504626992.562607 new key \033[1;2R: 0x9027 (S-F3)
1504626992.562613 new key \033[1;2S: 0x9028 (S-F4)
1504626992.562623 new key \033[15;2~: 0x9029 (S-F5)
1504626992.562631 new key \033[17;2~: 0x902a (S-F6)
1504626992.562638 new key \033[18;2~: 0x902b (S-F7)
1504626992.562645 new key \033[19;2~: 0x902c (S-F8)
1504626992.562653 new key \033[20;2~: 0x902d (S-F9)
1504626992.562660 new key \033[21;2~: 0x902e (S-F10)
1504626992.562667 new key \033[23;2~: 0x902f (S-F11)
1504626992.562674 new key \033[24;2~: 0x9030 (S-F12)
1504626992.562681 new key \033[1;5P: 0x5025 (C-F1)
1504626992.562688 new key \033[1;5Q: 0x5026 (C-F2)
1504626992.562695 new key \033[1;5R: 0x5027 (C-F3)
1504626992.562702 new key \033[1;5S: 0x5028 (C-F4)
1504626992.562709 new key \033[15;5~: 0x5029 (C-F5)
1504626992.562716 new key \033[17;5~: 0x502a (C-F6)
1504626992.562722 new key \033[18;5~: 0x502b (C-F7)
1504626992.562729 new key \033[19;5~: 0x502c (C-F8)
1504626992.562736 new key \033[20;5~: 0x502d (C-F9)
1504626992.562742 new key \033[21;5~: 0x502e (C-F10)
1504626992.562749 new key \033[23;5~: 0x502f (C-F11)
1504626992.562756 new key \033[24;5~: 0x5030 (C-F12)
1504626992.562766 new key \033[1;6P: 0xd025 (C-S-F1)
1504626992.562773 new key \033[1;6Q: 0xd026 (C-S-F2)
1504626992.562780 new key \033[1;6R: 0xd027 (C-S-F3)
1504626992.562787 new key \033[1;6S: 0xd028 (C-S-F4)
1504626992.562794 new key \033[15;6~: 0xd029 (C-S-F5)
1504626992.562801 new key \033[17;6~: 0xd02a (C-S-F6)
1504626992.562808 new key \033[18;6~: 0xd02b (C-S-F7)
1504626992.562815 new key \033[19;6~: 0xd02c (C-S-F8)
1504626992.562822 new key \033[20;6~: 0xd02d (C-S-F9)
1504626992.562829 new key \033[21;6~: 0xd02e (C-S-F10)
1504626992.562836 new key \033[23;6~: 0xd02f (C-S-F11)
1504626992.562843 new key \033[24;6~: 0xd030 (C-S-F12)
1504626992.562850 new key \033[1;3P: 0x3025 (M-F1)
1504626992.562857 new key \033[1;3Q: 0x3026 (M-F2)
1504626992.562864 new key \033[1;3R: 0x3027 (M-F3)
1504626992.562871 new key \033[1;3S: 0x3028 (M-F4)
1504626992.562878 new key \033[15;3~: 0x3029 (M-F5)
1504626992.562885 new key \033[17;3~: 0x302a (M-F6)
1504626992.562892 new key \033[18;3~: 0x302b (M-F7)
1504626992.562898 new key \033[19;3~: 0x302c (M-F8)
1504626992.562905 new key \033[20;3~: 0x302d (M-F9)
1504626992.562912 new key \033[21;3~: 0x302e (M-F10)
1504626992.562919 new key \033[23;3~: 0x302f (M-F11)
1504626992.562928 new key \033[24;3~: 0x3030 (M-F12)
1504626992.562936 new key \033[1;4P: 0xb025 (M-S-F1)
1504626992.562943 new key \033[1;4Q: 0xb026 (M-S-F2)
1504626992.562949 new key \033[1;4R: 0xb027 (M-S-F3)
1504626992.562956 new key \033[2~: 0x1031 (IC)
1504626992.562963 new key \033[3~: 0x1032 (DC)
1504626992.562971 replacing key \033OH: 0x1033 (Home)
1504626992.562977 replacing key \033OF: 0x1034 (End)
1504626992.562984 new key \033[6~: 0x1035 (NPage)
1504626992.562991 new key \033[5~: 0x1036 (PPage)
1504626992.562998 new key \033[Z: 0x1037 (BTab)
1504626992.563005 replacing key \033OA: 0x1038 (Up)
1504626992.563017 replacing key \033OB: 0x1039 (Down)
1504626992.563023 replacing key \033OD: 0x103a (Left)
1504626992.563030 replacing key \033OC: 0x103b (Right)
1504626992.563037 new key \033[3;2~: 0x9032 (S-DC)
1504626992.563044 new key \033[3;3~: 0x3032 (M-DC)
1504626992.563051 new key \033[3;4~: 0xb032 (M-S-DC)
1504626992.563058 new key \033[3;5~: 0x5032 (C-DC)
1504626992.563066 new key \033[3;6~: 0xd032 (C-S-DC)
1504626992.563073 new key \033[3;7~: 0x7032 (C-M-DC)
1504626992.563080 new key \033[1;2B: 0x9039 (S-Down)
1504626992.563087 new key \033[1;3B: 0x3039 (M-Down)
1504626992.563095 new key \033[1;4B: 0xb039 (M-S-Down)
1504626992.563102 new key \033[1;5B: 0x5039 (C-Down)
1504626992.563109 new key \033[1;6B: 0xd039 (C-S-Down)
1504626992.563116 new key \033[1;7B: 0x7039 (C-M-Down)
1504626992.563123 new key \033[1;2F: 0x9034 (S-End)
1504626992.563130 new key \033[1;3F: 0x3034 (M-End)
1504626992.563143 new key \033[1;4F: 0xb034 (M-S-End)
1504626992.563151 new key \033[1;5F: 0x5034 (C-End)
1504626992.563158 new key \033[1;6F: 0xd034 (C-S-End)
1504626992.563165 new key \033[1;7F: 0x7034 (C-M-End)
1504626992.563172 new key \033[1;2H: 0x9033 (S-Home)
1504626992.563179 new key \033[1;3H: 0x3033 (M-Home)
1504626992.563186 new key \033[1;4H: 0xb033 (M-S-Home)
1504626992.563193 new key \033[1;5H: 0x5033 (C-Home)
1504626992.563200 new key \033[1;6H: 0xd033 (C-S-Home)
1504626992.563208 new key \033[1;7H: 0x7033 (C-M-Home)
1504626992.563215 new key \033[2;2~: 0x9031 (S-IC)
1504626992.563222 new key \033[2;3~: 0x3031 (M-IC)
1504626992.563229 new key \033[2;4~: 0xb031 (M-S-IC)
1504626992.563237 new key \033[2;5~: 0x5031 (C-IC)
1504626992.563244 new key \033[2;6~: 0xd031 (C-S-IC)
1504626992.563251 new key \033[2;7~: 0x7031 (C-M-IC)
1504626992.563258 new key \033[1;2D: 0x903a (S-Left)
1504626992.563265 new key \033[1;3D: 0x303a (M-Left)
1504626992.563272 new key \033[1;4D: 0xb03a (M-S-Left)
1504626992.563279 new key \033[1;5D: 0x503a (C-Left)
1504626992.563286 new key \033[1;6D: 0xd03a (C-S-Left)
1504626992.563293 new key \033[1;7D: 0x703a (C-M-Left)
1504626992.563300 new key \033[6;2~: 0x9035 (S-NPage)
1504626992.563308 new key \033[6;3~: 0x3035 (M-NPage)
1504626992.563316 new key \033[6;4~: 0xb035 (M-S-NPage)
1504626992.563325 new key \033[6;5~: 0x5035 (C-NPage)
1504626992.563333 new key \033[6;6~: 0xd035 (C-S-NPage)
1504626992.563340 new key \033[6;7~: 0x7035 (C-M-NPage)
1504626992.563347 new key \033[5;2~: 0x9036 (S-PPage)
1504626992.563354 new key \033[5;3~: 0x3036 (M-PPage)
1504626992.563361 new key \033[5;4~: 0xb036 (M-S-PPage)
1504626992.563368 new key \033[5;5~: 0x5036 (C-PPage)
1504626992.563375 new key \033[5;6~: 0xd036 (C-S-PPage)
1504626992.563382 new key \033[5;7~: 0x7036 (C-M-PPage)
1504626992.563390 new key \033[1;2C: 0x903b (S-Right)
1504626992.563397 new key \033[1;3C: 0x303b (M-Right)
1504626992.563405 new key \033[1;4C: 0xb03b (M-S-Right)
1504626992.563412 new key \033[1;5C: 0x503b (C-Right)
1504626992.563419 new key \033[1;6C: 0xd03b (C-S-Right)
1504626992.563427 new key \033[1;7C: 0x703b (C-M-Right)
1504626992.563434 new key \033[1;2A: 0x9038 (S-Up)
1504626992.563441 new key \033[1;3A: 0x3038 (M-Up)
1504626992.563448 new key \033[1;4A: 0xb038 (M-S-Up)
1504626992.563455 new key \033[1;5A: 0x5038 (C-Up)
1504626992.563462 new key \033[1;6A: 0xd038 (C-S-Up)
1504626992.563469 new key \033[1;7A: 0x7038 (C-M-Up)
1504626992.563614 @0 alerts flags added 0x2
1504626992.563638 spawn: /bin/bash -- 
1504626992.566945 @0 alerts timer reset 0
1504626992.566969 session 0 created
1504626992.566983 writing 207 to client 7
1504626992.567001 client 7, status interval 15
1504626992.567036 session 0 has 3 references
1504626992.567043 session 0 has 2 references
1504626992.567050 unref client 7 (2 references)
1504626992.567069 event dispatch exit
1504626992.567338 format '[#S] ' -> '[0] '
1504626992.567531 format ' "#{=21:pane_title}" 21:41 05-\340\244\270\340\244\277\340\244\244\340\244\256\340\245\215\340\244\254\340\244\260-17' -> ' "rabin-Inspiron-3437" 21:41 05-\340\244\270\340\244\277\340\244\244\340\244\256\340\245\215\340\244\254\340\244\260-17'
1504626992.567718 format '#{window_flags}' -> '*'
1504626992.567729 format '#I:#W#{?window_flags,#{window_flags}, }' -> '0:bash*'
1504626992.568227 @0 active pane not changed
1504626992.568235 event dispatch enter
1504626992.568337 event dispatch exit
1504626992.568348 @0 active pane not changed
1504626992.568352 event dispatch enter
1504626992.568494 got 208 from client 7
1504626992.568503 event dispatch exit
1504626992.568509 @0 active pane not changed
1504626992.568512 event dispatch enter
1504626992.766339 %0 has 38 bytes
1504626992.766376 @0 alerts timer reset 0
1504626992.766407 input_parse: %0 ground, 38 bytes: rabin@rabin-Inspiron-3437:~/dotFiles$ 
1504626992.766513 event dispatch exit
1504626992.766534 @0 active pane changed
1504626992.766687 format '#{pane_current_command}' -> 'bash'
1504626992.766700 format '' -> ''
1504626992.766709 format '#{?pane_in_mode,[tmux],#{pane_current_command}}#{?pane_dead,[dead],}' -> 'bash'
1504626992.766730 @0 name not changed (still bash)
1504626992.766737 event dispatch enter
1504626992.766771 event dispatch exit
1504626992.766787 @0 active pane not changed
1504626992.766797 event dispatch enter
1504626994.136358 keys are 1 (:)
1504626994.136397 complete key : 0x3a
1504626994.136414 session 0 not pasting
1504626994.136437 writing key 0x3a (:)
1504626994.136458 event dispatch exit
1504626994.136475 @0 active pane not changed
1504626994.136483 event dispatch enter
1504626994.136517 event dispatch exit
1504626994.136533 @0 active pane not changed
1504626994.136543 event dispatch enter
1504626994.136689 %0 has 1 bytes
1504626994.136706 @0 alerts timer reset 0
1504626994.136717 input_parse: %0 ground, 1 bytes: :
1504626994.136752 event dispatch exit
1504626994.136766 @0 active pane changed
1504626994.136949 format '#{pane_current_command}' -> 'bash'
1504626994.136963 format '' -> ''
1504626994.136974 format '#{?pane_in_mode,[tmux],#{pane_current_command}}#{?pane_dead,[dead],}' -> 'bash'
1504626994.136998 @0 name not changed (still bash)
1504626994.137005 event dispatch enter
1504626994.137036 event dispatch exit
1504626994.137052 @0 active pane not changed
1504626994.137065 event dispatch enter
1504626994.611992 keys are 1 (q)
1504626994.612030 complete key q 0x71
1504626994.612046 session 0 not pasting
1504626994.612058 writing key 0x71 (q)
1504626994.612076 event dispatch exit
1504626994.612094 @0 active pane not changed
1504626994.612101 event dispatch enter
1504626994.612132 event dispatch exit
1504626994.612149 @0 active pane not changed
1504626994.612160 event dispatch enter
1504626994.612338 %0 has 1 bytes
1504626994.612368 @0 alerts timer reset 0
1504626994.612381 input_parse: %0 ground, 1 bytes: q
1504626994.612417 event dispatch exit
1504626994.612432 @0 active pane changed
1504626994.612442 @0 name timer queued (24334 left)
1504626994.612450 event dispatch enter
1504626994.612481 event dispatch exit
1504626994.612496 @0 active pane changed
1504626994.612509 @0 name timer already queued (24268 left)
1504626994.612516 event dispatch enter
1504626994.637700 @0 name timer expired
1504626994.637742 event dispatch exit
1504626994.637763 @0 active pane changed
1504626994.637976 format '#{pane_current_command}' -> 'bash'
1504626994.637996 format '' -> ''
1504626994.638008 format '#{?pane_in_mode,[tmux],#{pane_current_command}}#{?pane_dead,[dead],}' -> 'bash'
1504626994.638038 @0 name not changed (still bash)
1504626994.638049 event dispatch enter
1504626996.047493 keys are 1 (\177)
1504626996.047531 complete key \177 0x1024
1504626996.047547 session 0 not pasting
1504626996.047561 writing key 0x1024 (BSpace)
1504626996.047571 found key 0x1024: "\177"
1504626996.047586 event dispatch exit
1504626996.047601 @0 active pane not changed
1504626996.047608 event dispatch enter
1504626996.047641 event dispatch exit
1504626996.047657 @0 active pane not changed
1504626996.047670 event dispatch enter
1504626996.047863 %0 has 4 bytes
1504626996.047891 @0 alerts timer reset 0
1504626996.047905 input_parse: %0 ground, 4 bytes: \b\033[K
1504626996.047914 input_c0_dispatch: '\b'
1504626996.047946 input_csi_dispatch: 'K' "" ""
1504626996.047971 event dispatch exit
1504626996.047983 @0 active pane changed
1504626996.048162 format '#{pane_current_command}' -> 'bash'
1504626996.048176 format '' -> ''
1504626996.048187 format '#{?pane_in_mode,[tmux],#{pane_current_command}}#{?pane_dead,[dead],}' -> 'bash'
1504626996.048211 @0 name not changed (still bash)
1504626996.048218 event dispatch enter
1504626996.048319 event dispatch exit
1504626996.048342 @0 active pane not changed
1504626996.048349 event dispatch enter
1504626996.228977 keys are 1 (\177)
1504626996.229016 complete key \177 0x1024
1504626996.229031 session 0 not pasting
1504626996.229047 writing key 0x1024 (BSpace)
1504626996.229057 found key 0x1024: "\177"
1504626996.229073 event dispatch exit
1504626996.229088 @0 active pane not changed
1504626996.229095 event dispatch enter
1504626996.229127 event dispatch exit
1504626996.229143 @0 active pane not changed
1504626996.229156 event dispatch enter
1504626996.229327 %0 has 4 bytes
1504626996.229355 @0 alerts timer reset 0
1504626996.229368 input_parse: %0 ground, 4 bytes: \b\033[K
1504626996.229377 input_c0_dispatch: '\b'
1504626996.229391 input_csi_dispatch: 'K' "" ""
1504626996.229415 event dispatch exit
1504626996.229426 @0 active pane changed
1504626996.229436 @0 name timer queued (318557 left)
1504626996.229444 event dispatch enter
1504626996.229474 event dispatch exit
1504626996.229490 @0 active pane changed
1504626996.229504 @0 name timer already queued (318491 left)
1504626996.229511 event dispatch enter
1504626996.548962 @0 name timer expired
1504626996.549003 event dispatch exit
1504626996.549023 @0 active pane changed
1504626996.549235 format '#{pane_current_command}' -> 'bash'
1504626996.549255 format '' -> ''
1504626996.549267 format '#{?pane_in_mode,[tmux],#{pane_current_command}}#{?pane_dead,[dead],}' -> 'bash'
1504626996.549295 @0 name not changed (still bash)
1504626996.549305 event dispatch enter
1504626996.589869 keys are 1 (\004)
1504626996.589910 complete key \004 0x4
1504626996.589927 session 0 not pasting
1504626996.589941 writing key 0x4 (C-d)
1504626996.589958 event dispatch exit
1504626996.589974 @0 active pane not changed
1504626996.589982 event dispatch enter
1504626996.590014 event dispatch exit
1504626996.590031 @0 active pane not changed
1504626996.590040 event dispatch enter
1504626996.590240 %0 has 8 bytes
1504626996.590268 @0 alerts timer reset 0
1504626996.590281 input_parse: %0 ground, 8 bytes: logout\r\n
1504626996.590325 input_c0_dispatch: '\r'
1504626996.590333 input_c0_dispatch: '\n'
1504626996.590344 event dispatch exit
1504626996.590358 @0 active pane changed
1504626996.590367 @0 name timer queued (458668 left)
1504626996.590375 event dispatch enter
1504626996.590406 event dispatch exit
1504626996.590422 @0 active pane changed
1504626996.590433 @0 name timer already queued (458602 left)
1504626996.590440 event dispatch enter
1504626996.593650 session 0 has 2 references
1504626996.593690 session 0 destroyed
1504626996.593705 session 0 has 2 references
1504626996.593717 session 0 has 1 references
1504626996.593741 event dispatch exit
1504626996.593750 writing 203 to client 7
1504626996.593764 event dispatch enter
1504626996.593823 session 0 freed (0 references)
1504626996.593880 event dispatch exit
1504626996.593887 event dispatch enter
1504626996.594087 got 205 from client 7
1504626996.594278 writing 204 to client 7
1504626996.594301 event dispatch exit
1504626996.594310 event dispatch enter
1504626996.594341 event dispatch exit
1504626996.594348 event dispatch enter
1504626996.594918 lost client 7
1504626996.595006 unref client 7 (1 references)
1504626996.595043 event dispatch exit
